Name: Jasper Wu 
Student ID: 2339715 
Chapman email: jaswu@chapman.edu 
Course number and section: 350-01 
Assignment: 1 - assign1.cpp 

The Sum of the length of the DNA strings is: 32
The Mean of the length of the DNA strings is: 6.4
The variance of the length of the DNA strings is: 0.64
The Standard Deviation of the length of the DNA strings is: 0.8
Here is the relative probability of each nucleotide: 

A:		0.25
C:		0.25
T:		0.25
G:		0.25

Here is the relative probability of each nucleotide bigram: 
AA:		0.0625
AC:		0.0625
AT:		0.0625
AG:		0.0625
CA:		0.0625
CC:		0.0625
CT:		0.0625
CG:		0.0625
TA:		0.0625
TC:		0.0625
TT:		0.0625
TG:		0.0625
GA:		0.0625
GC:		0.0625
GT:		0.0625
GG:		0.0625

Here are generated 1000 DNA strings:
GACTAT
CTGAT
TAGCGG
CATGGC
CTGATA
GCATA
AGTCGC
ACTGGT
CTGACC
CGATACC
ACGTA
CTGACTA
GTACGT
GTCAAT
ACTGA
ACTGTTC
CTAGGG
GATCTG
AGTCTC
ATCGGA
GACTG
GACTGT
ACGTAC
TAGCA
GTACCT
GATCTC
GACTGC
CTAGC
TGCAC
TGCA
ACTGG
CTGAC
TGAC
TGCAG
TCGAAT
ACTGCA
CAGTTA
GACTG
GACTG
CGATA
CGTATA
TGACAT
ACTGAA
TGACAA
CATGC
CATGCA
CAGTCG
GCATC
CGATGTT
GTACTCG
ACTGCTG
CGTCATGA
CGTAC
TAGCG
CAGTAT
TACGCT
ATCGTC
CTAGC
ACTG
TGACTC
ATGCC
CTGAG
TATGGACC
GACTT
GACTTC
CTGACT
TGCATTT
GACTC
GACTAG
GTCACC
TAGCTC
TAGC
ACTGG
GTCAT
TTAAGGCC
GACTACG
CGATATT
GACTCC
CTGAGC
CATGCC
TACG
TGGAACCT
ACGTTCA
AGTCTGA
TACGTG
CTGACGA
CAGTG
GACT
ATGC
CAGTCC
GCATCG
ACTGTTG
CTAGAT
TGACCC
CATCTGGA
CAGTCG
TCGATA
TGACTTC
ACTGA
TCAGAT
ATTAGGCC
ATGCTG
ACTGGC
GACTTA
CTGAG
ATCGC
TCGAG
CATG
ATCGG
TGACGC
ACTGCCA
GACTA
CTGATCC
TGACT
ACGTCG
AGCTAG
GATCT
TGACC
GACTCT
AGCTAA
ACGTG
CTGACG
GTCAAG
CATGA
ACTGTAT
ACGTGT
TGCATCA
ATCGCAC
TACGC
TACGAA
GGATCACT
GCATGC
GACTAA
GACTGT
CATGCG
CTGAG
AGCTAT
GACTTG
TACGCA
TCGACC
TCAGAT
GCATAG
AGCTGT
CTAGGG
TCGAATG
CGTACC
TAGCC
ATGCTGA
ACTGA
GACTC
ACTGT
TCAGT
CATGAA
TGACTT
CTGAC
GCTATCT
ATCGGT
GACTT
ACTGCC
GATCA
AGCTAT
CGATCTG
CACATTGG
CTAGC
GACTGC
AGGCACTT
CGTAG
TGACCG
CTAGCGG
CATGTCA
GCTAC
TGACG
TAGCACTG
TAGCCG
CTAGT
GTCACA
CATGC
CTAGTTG
CATGT
TCGATG
CTGAG
CGATCC
GACTCG
GTCACC
ACTGCC
CTGAGGA
CCTTGGAA
GCATAA
GACTG
CTGAT
ACTGAGT
TGCATT
GCTACT
TGACACC
CGTAG
GCTAGG
TCGAATA
GCATTC
TGACTGC
CAGTT
TGACGG
CTGATTG
CTGATC
TGACA
AGTCTT
ACTGTGC
GACTT
CGATAT
TGACT
AGTCTT
CGTAT
AGCTTAG
GACTT
GATCTAG
GACTCT
GACTGA
TACGAG
GTACC
CAGATGCT
CATGGG
CTGAGA
GACTTT
GTACCCC
TGACTG
GATCC
CTAGCGG
GATCTCA
ACTGCT
CTAG
TCGAC
TGACAA
GATCA
ACTGAA
ACTGGT
CTGATT
TGACT
GACTAC
TGCAGG
TGACAT
TAGCTT
GCTATG
ACGT
ACGTGA
AGTCC
GCTAT
ATGCG
TACGTC
GTACGG
TACGCGA
AGCTTC
ACGTGT
ACGTAT
AGCTAG
ATGCG
CGATGTC
GTCACG
ACGTAG
TGAC
AGTCG
GTACTC
TGAGTACC
CTGACT
TCGAG
TGCAG
GCTAGTA
TCGATC
CTAGAC
TACGCG
GACTAGG
GACTT
AGCTAT
ATGCCGC
TAGCGT
TCGAAGC
ATCGCG
TGCAACG
GTACCT
CGATTAG
TAGCA
TGACTC
CTGAA
TGACTAT
TGACGGG
CGTAAA
GATCGGT
TGACCAT
GTACCA
CATGGA
AGCTTT
TGACA
CATGCT
ACTGCC
GCATAT
CGATAAG
TGACT
CATGCT
ACTG
AAA
GACTAA
GACTGA
AGATCCTG
ATGCAAA
GTACC
CTAGCA
GCATG
CGATA
TACGC
ACTGCCG
GACTAC
GACTAC
TGACAGA
GCATA
CTGATC
CGTACG
TGACGG
ACTGT
ATGCCGA
CATGA
GACTTT
GCATGA
ACGTCA
TGCATAC
CGTATC
TGAAGCCT
GTCAGTA
TCGATA
AGCTCGA
TACGGT
GTCAA
TGACTTA
CATCTGGA
GTACG
TGACA
ACTGA
GTACGGT
CGTAT
TAGCTG
CATGC
TGCAT
GACTAG
CTAGTT
CGATATA
ACTGT
ACTGACA
CGATGGC
GCATAC
GATCTT
CGATA
CTGACGA
TAGCCG
ACTGA
TGACGG
TCGAA
CGATTCA
CATGAAG
AACCTTGG
CTAGCGT
ACTGA
GACTGA
TGACATC
TCAGG
ACTGAA
CGATGA
GACTGT
CAGTAC
GTCA
TTGGAACC
GCATGG
CTGAAT
TCGAAT
TCGAT
GACTGG
CATGCA
GCATCGT
ACTGTG
ATGCTC
GTACCC
TGACCCC
ATCGATA
TGACGG
CTGAAG
GACTCCA
TGCAC
CAGTA
GCTACC
TACG
CGATC
CTGATCA
TAGCT
GATCGCC
TGACGGC
CTGATG
ATGCCCC
TGACT
GACTTT
TGACTG
TCGAGGC
CGATCT
GACTTT
GACTC
AGCTT
TGCAC
TACGT
GTACT
CTAGA
CATGT
TGACGT
ATGCCC
ACTGCGT
GCATG
ACTGGA
GACTCAC
ATCGA
CTGAT
GCATA
TCAGTCT
CTGAGGC
CTGAC
ACGTCGG
CGTCTGAA
ATGCGGG
GACTAA
CTAGGGG
GATCA
ATGCCC
TCGAC
ATCGTA
GCTACT
GTACAC
CTGAGCC
GACTCA
GTACTGA
GATCTTA
TGACG
ACTCTGAG
GTACTT
GACTA
CGATGT
CGATG
GATCAAT
TGACAT
GTACCC
TCGACGA
CATGTT
GACTCT
AGCTAG
CATGC
AGCTCG
AGTCC
ATGCAGG
TGACAC
TCGA
TCGACA
TACGC
ACTGGCC
ACTGCA
GCTATT
ACTGCA
AGTCCA
GCTAT
GCTAGC
GTACA
GCATGC
CGAT
TGACAG
CTGAAA
TCGAG
ACGTGA
GATCACC
ACTGCC
AGCTTA
ACTGAA
ACTGT
ACACGGTT
TGACGA
TCGATG
GACTGGG
GACTG
ACTGC
CGTAT
GACTGT
AGCTTTA
CTGAGT
GTACG
CTGAC
TGCAA
TCGAT
GACTA
TGACAA
ATGCGCA
GATCTGA
CTGATTT
CATGAT
ATGCAC
TACGCGC
GATCT
ATGCCC
ACTGT
CTGAG
CTGATT
GACTCA
GACTCA
GTACCCC
TCGACT
GACTGC
ACGTC
AGTCAA
GACTCT
TGACT
AGCTAT
GACTA
TGCAG
GCAT
CGTACCA
TGACTA
TGACA
GATCATG
CATGC
AGCTC
ACTGAAA
AGCTT
CGTATT
AGTC
AGCTGAC
ATGCGC
ATGCCA
CGTAAC
TGACA
TTGGACAC
TAGCT
GTACGT
TACGGG
GTACAT
TGACCC
ATGCA
ACTGCG
ACTGC
CTGAA
GCATTG
CTGATA
GACTGC
GACTAG
CTGACG
GATCAAA
CTGAT
GCATAAA
GACTGA
ATGCGT
CTGACA
ATCGGTA
GACTGAA
AGCTAG
TACGGAC
TCGAAAT
GTACC
CTAGTG
CATGTCC
GACTTCT
ACGTGA
GTCACC
CATGA
TCAGTGG
TAGCAA
ACTGG
CGTAAC
GCTAAAG
ACTGTC
ACTGGT
CGTATAT
TGACAG
GTGCTAAC
CTAGGT
GCATGC
CATGGG
TTGAGACC
TAGTAGCC
CTGACC
GACTTC
ACGTAC
CTGAAC
ATGCATC
CTGAACA
TGCAGC
GACTGT
GCTACCT
GTCAA
CTGAGCC
TCGAATG
TGACG
GCTAAA
CAGTTT
CGATCG
TACGGA
TGACGAC
TCGAG
GTCACT
GACTCA
AGCTAT
CGTATGC
ATCGAA
TACGTA
CTAGTGA
CTGAC
ACTGCA
CATGCC
ACGTAAT
CTAAGCTG
GATCG
CTGAGT
ACTGAA
CTGAATA
AGCTC
ACTGGG
CAGTCGC
AGCT
GCATCAT
GTACC
GCATTGG
CTGATT
TGACCG
GCTAC
GTACTT
ACTGG
CTGACAC
CTGAGT
TGACCA
GACTGG
GTCAGC
ACTGG
TACGC
CTAGAGT
TCGACT
ATGCCT
GACTCG
ATCGAT
CTGACGA
GCTAGA
TGACCCC
GTACC
CATGAA
TGACT
CTGATGC
TGCACA
CATGCTG
CGTAT
TGACAG
GACTAAC
ATCGT
ACTGA
GCATTT
GATCAGT
AGCTCG
CGTAAA
ACTGAA
GCAT
GCATACT
ATGCGG
CTGATC
TGCAA
GACTC
ACTGGA
CTAG
CTGAAG
CTGACT
TCGAGG
TGACCC
AGCTTGA
GACTA
TAGC
CTGAC
GATCT
GCTA
GCATT
TGACTC
CATGTGT
AGTCAT
ATCGAG
GCATCG
TAGCTCT
CAGT
CTAGTG
ACTGGA
GATCTA
GTCATGC
GTACA
GACTGT
GGTTAACC
TACGGTG
ACTGG
CATGGT
TCGAG
GATCT
TGACTAG
CGATGT
CTAGC
CTGACA
CTGAGA
GGAACTCT
TGACTC
GTCATCG
CTGACTG
TCGACG
TACGGG
TCGAA
ATCGAA
ACTGTT
CAGTGG
GACTA
TGACGC
TCGAA
ACTGAG
TACGCCT
TCGATCG
GACTTCT
CTGAT
TGAC
CTCATGAG
GCATTC
GCTAGC
CTGACT
ATGCCT
ACTGTC
GCATGT
CTGAAT
CATGG
CATGGT
GTACTGC
AGTC
GACTGG
CTGACGG
GACTTC
GACTC
TACGAGTC
CATGTAG
TGACAT
AGCTA
ATGCGT
AGCTG
TGACGT
CTAGG
GACTC
CGTAC
TACGT
TACGT
GACTCA
TGACG
TGACCG
GACTGG
AGATTGCC
TGAC
ATCGTC
GACTAA
CTAGG
ATTGACGC
TACGTC
GCTACT
ACTGGA
CGATACA
CTGACT
TGACAGC
TGACCG
ACTGAAG
ACTGAC
ACTGTC
CTAG
TGCAGCG
CTGATA
CTGAAGT
CAGTGC
TCAGA
TGACGG
GACTT
CTGAG
CGTAGA
GACTGTT
GCTAAC
AGCTATA
CTAGC
CTGAAG
TGCAACT
ACGTT
CTGA
ACGTC
GCTACA
ACGTCC
GTACA
TACGCC
TGACA
TACTCAGG
CGTACA
CTGAG
ATGCC
GATCGT
ACGTTA
GTACCTG
TGCACAG
CGATTG
GACTGG
CATGGC
GATACCTG
TCAGGTG
ACTGCAC
AGTCGG
TCAG
CTGAAT
ATGCAA
GACTGA
GCTAGT
CTGAA
TAGCAGC
TGCAAGT
TAGCG
TGCAAA
CTGAT
CATGAT
CTGAG
GTACCA
TAGCAA
GACTCG
CGATGG
TCGACAC
CGATC
TGCAG
CTGAA
CTGATG
CTGAC
CATGCT
CTGAAG
CTGACC
ACTGTT
GTCAACC
AGTCTT
CAGTC
GCTAGAT
CTGATG
AGCTCAA
ACTG
TGCATA
TGACTA
CTGAGT
AGCTGC
CTGACG
ACGTCC
ACTGAT
TAGCT
ACTGT
ACTG
CATGC
GCATTGG
TACGACC
TGACTGG
TGACAG
GTACCA
ACTGCA
ACTGGG
TCGAAA
ACGTT
GACTA
TCGACC
CTGACG
CTGAAA
CGTAATA
TGACT
TGACT
CGATGG
CGATAT
ATCGC
CGTAT
AGCTCA
TCGAT
TCGACC
ACGTAC
GACTC
CGTAGAT
AGCTAAT
TCAGA
CTAGTG
TAGCT
AGTCATC
CTGA
ACGTAC
ACTGA
CTAGAA
TCGATC
TCGACCC
GACTATC
TCGACG
AGCTGC
GATCAAC
GCTAA
GATCTCT
TCGA
AGCTA
CGATGA
TGACA
CTAGCC
ACTGG
CATGT
GACTG
CATGGC
GTACTTA
TGACC
CAGTG
CATG
ACTGG
ACTGT
GCTATT
ACGTAT
TGACAG
AGCTTG
TGCACC
ACTGAT
TCGAATT
AGTCTA
GCATGT
AGCTG
TGACCC
TCGAG
GACTCGC
GATCGC
CGTAA
ACTGAT
ACTGAC
TCGACAA
CGTAC
GTACA
CGTAGT
CAGTCG
GTACGCT
CTGAGT
ACTGTAC
CTGAAA
GATCGGG
GTACC
TGACA
TGACGG
ACGTAT
TGACTA
ACTGTC
CGTAT
GACTA
ACTGG
GTACAGG
TACGCG
GTCATCG
CGATGT
ATCGCC
GACTTA
TCGAA
GTACCT
ACTGTT
TGACAA
GTACTGA
TACGTG
AGCTA
ACGT
TGACTT
TGACG
ATCGC
ATGCTC
GCATA
TACGGT
TAGCAA
CGAT
CTGAAC
CTGAAC
GACTAC
ATCG
ACTGGT
CAGTAG
CATGCT
TCGACC
GACTTCG
GACTG
ATCGCA
TACGCAG
GCATCGA
CTGAGG
GCTACA
CTGAT
CGATTA
GATCGT
GTACA
GATCAA
TGACAA
CTGATT
TGCAGC
CGTAGGC
TACGTA
CATGG
GACTCG
GACTAAC
GAATTGCC
GTCAC
CGTAG
GCTAG
GACTAT
TCGACT
CTGAAT
TGACGA
